2025-12-13 01:19:46 - INFO - Batch optimization from 2024-01-01 to 2024-11-14
2025-12-13 01:19:46 - INFO - Strategies: ['SMA_TREND1', 'EMA_RSI_PULLBACK', 'BREAKOUT_DONCHIAN', 'BOLL_MFI_REVERSAL', 'ATR_TRAIL_TREND']
2025-12-13 01:19:46 - INFO - Timeframes: ['candles_1m', 'candles_5m', 'candles_15m', 'candles_30m', 'candles_1h', 'candles_4h', 'candles_1d']
2025-12-13 01:19:46 - INFO - Trials per combo: 50
2025-12-13 01:19:46 - INFO - CPU cores: 12, MAX_WORKERS: 10
2025-12-13 01:19:46 - INFO - Total combinations: 105
2025-12-13 01:20:44 - INFO - [1/105] SBER | candles_5m | BREAKOUT_DONCHIAN → best_value=-1.0000, best_params={'channel_period': 70, 'sl_pct': 2.0, 'tp_pct': 7.0, 'trailing_atr_mult': 2.0, 'trailing_atr_period': 14}
2025-12-13 01:20:54 - INFO - [2/105] SBER | candles_5m | EMA_RSI_PULLBACK → best_value=-1.0000, best_params={'ema_period': 70, 'rsi_overbought': 75, 'rsi_oversold': 40, 'rsi_period': 11, 'sl_pct': 1.0, 'tp_pct': 3.0}
2025-12-13 01:21:14 - INFO - [3/105] SBER | candles_5m | BOLL_MFI_REVERSAL → best_value=-0.4093, best_params={'boll_period': 14, 'boll_std_mult': 3.0, 'mfi_high': 85, 'mfi_low': 10, 'mfi_period': 12, 'sl_pct': 2.5, 'tp_pct': 1.0}
2025-12-13 01:21:27 - INFO - [4/105] SBER | candles_15m | EMA_RSI_PULLBACK → best_value=-0.9830, best_params={'ema_period': 30, 'rsi_overbought': 60, 'rsi_oversold': 20, 'rsi_period': 19, 'sl_pct': 1.5, 'tp_pct': 7.0}
2025-12-13 01:21:42 - INFO - [5/105] SBER | candles_15m | BREAKOUT_DONCHIAN → best_value=-1.0000, best_params={'channel_period': 120, 'sl_pct': 4.5, 'tp_pct': 8.0, 'trailing_atr_mult': 1.5, 'trailing_atr_period': 11}
2025-12-13 01:21:43 - INFO - [6/105] SBER | candles_15m | SMA_TREND1 → best_value=1.9129, best_params={'fast_period': 32, 'risk_per_trade': 1.1, 'sl_pct': 2.0, 'slow_period': 155, 'tp_pct': 6.0}
2025-12-13 01:22:05 - INFO - [7/105] SBER | candles_15m | BOLL_MFI_REVERSAL → best_value=-1.0000, best_params={'boll_period': 36, 'boll_std_mult': 2.25, 'mfi_high': 70, 'mfi_low': 25, 'mfi_period': 15, 'sl_pct': 1.0, 'tp_pct': 3.0}
2025-12-13 01:22:18 - INFO - [8/105] SBER | candles_5m | SMA_TREND1 → best_value=0.2404, best_params={'fast_period': 48, 'risk_per_trade': 1.0, 'sl_pct': 3.5, 'slow_period': 180, 'tp_pct': 9.0}
2025-12-13 01:22:19 - INFO - [9/105] SBER | candles_30m | SMA_TREND1 → best_value=2.2999, best_params={'fast_period': 8, 'risk_per_trade': 1.9000000000000001, 'sl_pct': 5.0, 'slow_period': 175, 'tp_pct': 5.0}
2025-12-13 01:22:28 - INFO - [10/105] SBER | candles_30m | EMA_RSI_PULLBACK → best_value=-1.0000, best_params={'ema_period': 20, 'rsi_overbought': 65, 'rsi_oversold': 20, 'rsi_period': 12, 'sl_pct': 1.0, 'tp_pct': 2.0}
2025-12-13 01:22:29 - INFO - [11/105] SBER | candles_5m | ATR_TRAIL_TREND → best_value=1.4980, best_params={'atr_mult': 2.5, 'atr_period': 10, 'risk_per_trade': 1.25, 'trend_ma_period': 55}
2025-12-13 01:22:38 - INFO - [12/105] SBER | candles_30m | BREAKOUT_DONCHIAN → best_value=-1.0000, best_params={'channel_period': 95, 'sl_pct': 1.5, 'tp_pct': 10.0, 'trailing_atr_mult': 5.0, 'trailing_atr_period': 16}
2025-12-13 01:22:39 - INFO - [13/105] SBER | candles_15m | ATR_TRAIL_TREND → best_value=1.6320, best_params={'atr_mult': 4.5, 'atr_period': 15, 'risk_per_trade': 1.75, 'trend_ma_period': 55}
2025-12-13 01:22:45 - INFO - [14/105] SBER | candles_30m | BOLL_MFI_REVERSAL → best_value=-0.9069, best_params={'boll_period': 34, 'boll_std_mult': 3.0, 'mfi_high': 85, 'mfi_low': 30, 'mfi_period': 7, 'sl_pct': 1.5, 'tp_pct': 3.0}
2025-12-13 01:22:52 - INFO - [15/105] SBER | candles_1h | SMA_TREND1 → best_value=2.6816, best_params={'fast_period': 17, 'risk_per_trade': 0.5, 'sl_pct': 0.5, 'slow_period': 195, 'tp_pct': 3.0}
2025-12-13 01:22:55 - INFO - [16/105] SBER | candles_1h | BREAKOUT_DONCHIAN → best_value=-1.0000, best_params={'channel_period': 95, 'sl_pct': 2.5, 'tp_pct': 2.0, 'trailing_atr_mult': 1.0, 'trailing_atr_period': 17}
2025-12-13 01:22:56 - INFO - [17/105] SBER | candles_1h | EMA_RSI_PULLBACK → best_value=-0.6731, best_params={'ema_period': 85, 'rsi_overbought': 75, 'rsi_oversold': 20, 'rsi_period': 21, 'sl_pct': 1.5, 'tp_pct': 7.0}
2025-12-13 01:22:56 - INFO - [18/105] SBER | candles_30m | ATR_TRAIL_TREND → best_value=2.0666, best_params={'atr_mult': 5.0, 'atr_period': 18, 'risk_per_trade': 1.0, 'trend_ma_period': 35}
2025-12-13 01:23:05 - INFO - [19/105] SBER | candles_1h | BOLL_MFI_REVERSAL → best_value=-1.0000, best_params={'boll_period': 30, 'boll_std_mult': 2.5, 'mfi_high': 90, 'mfi_low': 20, 'mfi_period': 15, 'sl_pct': 0.5, 'tp_pct': 5.0}
2025-12-13 01:23:09 - INFO - [20/105] SBER | candles_4h | BREAKOUT_DONCHIAN → best_value=-1.0000, best_params={'channel_period': 40, 'sl_pct': 4.0, 'tp_pct': 8.0, 'trailing_atr_mult': 4.5, 'trailing_atr_period': 17}
2025-12-13 01:23:09 - INFO - [21/105] SBER | candles_4h | EMA_RSI_PULLBACK → best_value=0.6447, best_params={'ema_period': 30, 'rsi_overbought': 75, 'rsi_oversold': 20, 'rsi_period': 16, 'sl_pct': 2.0, 'tp_pct': 3.0}
2025-12-13 01:23:10 - INFO - [22/105] SBER | candles_4h | SMA_TREND1 → best_value=0.6980, best_params={'fast_period': 46, 'risk_per_trade': 0.8, 'sl_pct': 1.5, 'slow_period': 35, 'tp_pct': 5.0}
2025-12-13 01:23:10 - INFO - [23/105] SBER | candles_1h | ATR_TRAIL_TREND → best_value=2.4884, best_params={'atr_mult': 5.0, 'atr_period': 14, 'risk_per_trade': 0.25, 'trend_ma_period': 30}
2025-12-13 01:23:18 - INFO - [24/105] SBER | candles_4h | BOLL_MFI_REVERSAL → best_value=1.2505, best_params={'boll_period': 22, 'boll_std_mult': 2.75, 'mfi_high': 85, 'mfi_low': 20, 'mfi_period': 10, 'sl_pct': 1.0, 'tp_pct': 2.0}
2025-12-13 01:23:21 - INFO - [25/105] SBER | candles_1d | SMA_TREND1 → best_value=-1.0000, best_params={'fast_period': 37, 'risk_per_trade': 1.9000000000000001, 'sl_pct': 2.0, 'slow_period': 70, 'tp_pct': 7.0}
2025-12-13 01:23:22 - INFO - [26/105] SBER | candles_1d | EMA_RSI_PULLBACK → best_value=1.3119, best_params={'ema_period': 50, 'rsi_overbought': 70, 'rsi_oversold': 20, 'rsi_period': 11, 'sl_pct': 1.0, 'tp_pct': 5.0}
2025-12-13 01:23:22 - INFO - [27/105] SBER | candles_1d | BREAKOUT_DONCHIAN → best_value=-1.0000, best_params={'channel_period': 80, 'sl_pct': 4.5, 'tp_pct': 5.0, 'trailing_atr_mult': 2.5, 'trailing_atr_period': 19}
2025-12-13 01:23:22 - INFO - [28/105] SBER | candles_4h | ATR_TRAIL_TREND → best_value=1.7975, best_params={'atr_mult': 4.0, 'atr_period': 21, 'risk_per_trade': 0.75, 'trend_ma_period': 85}
2025-12-13 01:23:30 - INFO - [29/105] SBER | candles_1d | BOLL_MFI_REVERSAL → best_value=1.1537, best_params={'boll_period': 40, 'boll_std_mult': 1.75, 'mfi_high': 80, 'mfi_low': 10, 'mfi_period': 21, 'sl_pct': 1.0, 'tp_pct': 5.0}
2025-12-13 01:23:33 - INFO - [30/105] SBER | candles_1d | ATR_TRAIL_TREND → best_value=2.0493, best_params={'atr_mult': 1.5, 'atr_period': 14, 'risk_per_trade': 0.5, 'trend_ma_period': 55}
2025-12-13 01:23:58 - INFO - [31/105] SBER | candles_1m | BREAKOUT_DONCHIAN → best_value=-1.0000, best_params={'channel_period': 45, 'sl_pct': 2.5, 'tp_pct': 3.0, 'trailing_atr_mult': 1.0, 'trailing_atr_period': 14}
2025-12-13 01:24:45 - INFO - [32/105] SBER | candles_1m | EMA_RSI_PULLBACK → best_value=-1.0000, best_params={'ema_period': 45, 'rsi_overbought': 80, 'rsi_oversold': 20, 'rsi_period': 20, 'sl_pct': 1.0, 'tp_pct': 6.0}
2025-12-13 01:25:51 - INFO - [33/105] ROSN | candles_5m | EMA_RSI_PULLBACK → best_value=1.4479, best_params={'ema_period': 35, 'rsi_overbought': 60, 'rsi_oversold': 20, 'rsi_period': 19, 'sl_pct': 4.0, 'tp_pct': 8.0}
2025-12-13 01:26:05 - INFO - [34/105] SBER | candles_1m | BOLL_MFI_REVERSAL → best_value=-1.0000, best_params={'boll_period': 40, 'boll_std_mult': 2.0, 'mfi_high': 75, 'mfi_low': 10, 'mfi_period': 19, 'sl_pct': 3.0, 'tp_pct': 2.0}
2025-12-13 01:26:24 - INFO - [35/105] ROSN | candles_5m | SMA_TREND1 → best_value=-0.1693, best_params={'fast_period': 29, 'risk_per_trade': 1.9000000000000001, 'sl_pct': 5.0, 'slow_period': 190, 'tp_pct': 7.0}
2025-12-13 01:26:50 - INFO - [36/105] ROSN | candles_5m | BREAKOUT_DONCHIAN → best_value=-1.0000, best_params={'channel_period': 120, 'sl_pct': 2.5, 'tp_pct': 5.0, 'trailing_atr_mult': 1.5, 'trailing_atr_period': 19}
2025-12-13 01:27:28 - INFO - [37/105] ROSN | candles_5m | BOLL_MFI_REVERSAL → best_value=2.5051, best_params={'boll_period': 38, 'boll_std_mult': 3.0, 'mfi_high': 70, 'mfi_low': 30, 'mfi_period': 11, 'sl_pct': 3.0, 'tp_pct': 4.0}
2025-12-13 01:27:30 - INFO - [38/105] ROSN | candles_1m | BREAKOUT_DONCHIAN → best_value=-1.0000, best_params={'channel_period': 35, 'sl_pct': 0.5, 'tp_pct': 1.0, 'trailing_atr_mult': 4.0, 'trailing_atr_period': 10}
2025-12-13 01:27:48 - INFO - [39/105] ROSN | candles_15m | SMA_TREND1 → best_value=-0.3981, best_params={'fast_period': 17, 'risk_per_trade': 0.9, 'sl_pct': 3.5, 'slow_period': 170, 'tp_pct': 6.0}
2025-12-13 01:27:58 - INFO - [40/105] ROSN | candles_15m | BREAKOUT_DONCHIAN → best_value=-1.0000, best_params={'channel_period': 85, 'sl_pct': 2.0, 'tp_pct': 5.0, 'trailing_atr_mult': 4.0, 'trailing_atr_period': 10}
2025-12-13 01:27:59 - INFO - [41/105] ROSN | candles_15m | EMA_RSI_PULLBACK → best_value=1.0551, best_params={'ema_period': 30, 'rsi_overbought': 60, 'rsi_oversold': 20, 'rsi_period': 16, 'sl_pct': 4.0, 'tp_pct': 3.0}
2025-12-13 01:28:21 - INFO - [42/105] ROSN | candles_1m | EMA_RSI_PULLBACK → best_value=-1.0000, best_params={'ema_period': 30, 'rsi_overbought': 65, 'rsi_oversold': 30, 'rsi_period': 8, 'sl_pct': 0.5, 'tp_pct': 5.0}
2025-12-13 01:28:27 - INFO - [43/105] ROSN | candles_15m | BOLL_MFI_REVERSAL → best_value=1.8135, best_params={'boll_period': 12, 'boll_std_mult': 2.5, 'mfi_high': 80, 'mfi_low': 10, 'mfi_period': 11, 'sl_pct': 2.5, 'tp_pct': 6.0}
2025-12-13 01:28:35 - INFO - [44/105] ROSN | candles_30m | SMA_TREND1 → best_value=0.7591, best_params={'fast_period': 36, 'risk_per_trade': 0.30000000000000004, 'sl_pct': 1.5, 'slow_period': 160, 'tp_pct': 10.0}
2025-12-13 01:28:43 - INFO - [45/105] ROSN | candles_30m | EMA_RSI_PULLBACK → best_value=1.6052, best_params={'ema_period': 50, 'rsi_overbought': 70, 'rsi_oversold': 20, 'rsi_period': 20, 'sl_pct': 3.0, 'tp_pct': 7.0}
2025-12-13 01:28:47 - INFO - [46/105] ROSN | candles_5m | ATR_TRAIL_TREND → best_value=0.3843, best_params={'atr_mult': 3.5, 'atr_period': 15, 'risk_per_trade': 2.0, 'trend_ma_period': 50}
2025-12-13 01:28:47 - INFO - [47/105] ROSN | candles_30m | BREAKOUT_DONCHIAN → best_value=-1.0000, best_params={'channel_period': 35, 'sl_pct': 3.0, 'tp_pct': 9.0, 'trailing_atr_mult': 3.5, 'trailing_atr_period': 20}
2025-12-13 01:28:53 - INFO - [48/105] ROSN | candles_15m | ATR_TRAIL_TREND → best_value=1.1034, best_params={'atr_mult': 3.5, 'atr_period': 19, 'risk_per_trade': 2.0, 'trend_ma_period': 55}
2025-12-13 01:29:01 - INFO - [49/105] ROSN | candles_30m | BOLL_MFI_REVERSAL → best_value=-0.4578, best_params={'boll_period': 10, 'boll_std_mult': 2.75, 'mfi_high': 90, 'mfi_low': 25, 'mfi_period': 21, 'sl_pct': 3.0, 'tp_pct': 5.0}
2025-12-13 01:29:04 - INFO - [50/105] ROSN | candles_1h | EMA_RSI_PULLBACK → best_value=1.7242, best_params={'ema_period': 25, 'rsi_overbought': 60, 'rsi_oversold': 20, 'rsi_period': 20, 'sl_pct': 3.5, 'tp_pct': 6.0}
2025-12-13 01:29:08 - INFO - [51/105] ROSN | candles_30m | ATR_TRAIL_TREND → best_value=1.6341, best_params={'atr_mult': 5.0, 'atr_period': 17, 'risk_per_trade': 0.75, 'trend_ma_period': 150}
2025-12-13 01:29:09 - INFO - [52/105] ROSN | candles_1h | BREAKOUT_DONCHIAN → best_value=-1.0000, best_params={'channel_period': 90, 'sl_pct': 3.5, 'tp_pct': 6.0, 'trailing_atr_mult': 3.5, 'trailing_atr_period': 20}
2025-12-13 01:29:11 - INFO - [53/105] ROSN | candles_1h | SMA_TREND1 → best_value=1.0717, best_params={'fast_period': 26, 'risk_per_trade': 1.2000000000000002, 'sl_pct': 2.5, 'slow_period': 165, 'tp_pct': 3.0}
2025-12-13 01:29:21 - INFO - [54/105] ROSN | candles_1h | BOLL_MFI_REVERSAL → best_value=0.4098, best_params={'boll_period': 16, 'boll_std_mult': 3.0, 'mfi_high': 85, 'mfi_low': 15, 'mfi_period': 7, 'sl_pct': 2.5, 'tp_pct': 2.0}
2025-12-13 01:29:22 - INFO - [55/105] ROSN | candles_1h | ATR_TRAIL_TREND → best_value=2.0085, best_params={'atr_mult': 4.0, 'atr_period': 18, 'risk_per_trade': 0.25, 'trend_ma_period': 70}
2025-12-13 01:29:23 - INFO - [56/105] ROSN | candles_4h | EMA_RSI_PULLBACK → best_value=1.2179, best_params={'ema_period': 30, 'rsi_overbought': 60, 'rsi_oversold': 20, 'rsi_period': 20, 'sl_pct': 4.0, 'tp_pct': 8.0}
2025-12-13 01:29:23 - INFO - [57/105] ROSN | candles_4h | SMA_TREND1 → best_value=2.3776, best_params={'fast_period': 17, 'risk_per_trade': 1.9000000000000001, 'sl_pct': 3.5, 'slow_period': 40, 'tp_pct': 1.0}
2025-12-13 01:29:24 - INFO - [58/105] ROSN | candles_4h | BREAKOUT_DONCHIAN → best_value=-1.0000, best_params={'channel_period': 120, 'sl_pct': 4.5, 'tp_pct': 3.0, 'trailing_atr_mult': 3.5, 'trailing_atr_period': 7}
2025-12-13 01:29:35 - INFO - [59/105] ROSN | candles_1d | SMA_TREND1 → best_value=-0.0670, best_params={'fast_period': 29, 'risk_per_trade': 0.8, 'sl_pct': 1.0, 'slow_period': 30, 'tp_pct': 2.0}
2025-12-13 01:29:35 - INFO - [60/105] ROSN | candles_4h | BOLL_MFI_REVERSAL → best_value=1.1126, best_params={'boll_period': 28, 'boll_std_mult': 2.25, 'mfi_high': 80, 'mfi_low': 25, 'mfi_period': 19, 'sl_pct': 3.0, 'tp_pct': 1.0}
2025-12-13 01:29:35 - INFO - [61/105] ROSN | candles_1d | EMA_RSI_PULLBACK → best_value=2.5255, best_params={'ema_period': 60, 'rsi_overbought': 65, 'rsi_oversold': 25, 'rsi_period': 15, 'sl_pct': 4.0, 'tp_pct': 1.0}
2025-12-13 01:29:36 - INFO - [62/105] ROSN | candles_4h | ATR_TRAIL_TREND → best_value=1.3282, best_params={'atr_mult': 1.5, 'atr_period': 9, 'risk_per_trade': 1.0, 'trend_ma_period': 40}
2025-12-13 01:29:36 - INFO - [63/105] ROSN | candles_1d | BREAKOUT_DONCHIAN → best_value=-1.0000, best_params={'channel_period': 85, 'sl_pct': 0.5, 'tp_pct': 1.0, 'trailing_atr_mult': 2.5, 'trailing_atr_period': 16}
2025-12-13 01:29:46 - INFO - [64/105] ROSN | candles_1d | ATR_TRAIL_TREND → best_value=-1.0000, best_params={'atr_mult': 3.5, 'atr_period': 21, 'risk_per_trade': 2.0, 'trend_ma_period': 140}
2025-12-13 01:29:47 - INFO - [65/105] ROSN | candles_1d | BOLL_MFI_REVERSAL → best_value=2.3961, best_params={'boll_period': 38, 'boll_std_mult': 1.75, 'mfi_high': 75, 'mfi_low': 25, 'mfi_period': 14, 'sl_pct': 1.0, 'tp_pct': 2.0}
2025-12-13 01:29:55 - INFO - [66/105] ROSN | candles_1m | BOLL_MFI_REVERSAL → best_value=-1.0000, best_params={'boll_period': 12, 'boll_std_mult': 2.5, 'mfi_high': 80, 'mfi_low': 30, 'mfi_period': 15, 'sl_pct': 2.0, 'tp_pct': 4.0}
2025-12-13 01:31:22 - INFO - [67/105] SBER | candles_1m | SMA_TREND1 → best_value=-1.0000, best_params={'fast_period': 31, 'risk_per_trade': 1.6, 'sl_pct': 2.0, 'slow_period': 185, 'tp_pct': 7.0}
2025-12-13 01:32:24 - INFO - [68/105] TRNFP | candles_5m | SMA_TREND1 → best_value=-0.1274, best_params={'fast_period': 27, 'risk_per_trade': 1.8000000000000003, 'sl_pct': 4.0, 'slow_period': 190, 'tp_pct': 4.0}
2025-12-13 01:32:30 - INFO - [69/105] TRNFP | candles_5m | EMA_RSI_PULLBACK → best_value=0.9698, best_params={'ema_period': 40, 'rsi_overbought': 70, 'rsi_oversold': 25, 'rsi_period': 15, 'sl_pct': 3.5, 'tp_pct': 4.0}
2025-12-13 01:33:04 - INFO - [70/105] SBER | candles_1m | ATR_TRAIL_TREND → best_value=-1.0000, best_params={'atr_mult': 4.5, 'atr_period': 15, 'risk_per_trade': 2.0, 'trend_ma_period': 110}
2025-12-13 01:33:20 - INFO - [71/105] TRNFP | candles_5m | BREAKOUT_DONCHIAN → best_value=-1.0000, best_params={'channel_period': 110, 'sl_pct': 4.0, 'tp_pct': 3.0, 'trailing_atr_mult': 4.0, 'trailing_atr_period': 11}
2025-12-13 01:33:37 - INFO - [72/105] TRNFP | candles_1m | BREAKOUT_DONCHIAN → best_value=-1.0000, best_params={'channel_period': 30, 'sl_pct': 0.5, 'tp_pct': 1.0, 'trailing_atr_mult': 5.0, 'trailing_atr_period': 10}
2025-12-13 01:33:49 - INFO - [73/105] TRNFP | candles_5m | BOLL_MFI_REVERSAL → best_value=0.1752, best_params={'boll_period': 36, 'boll_std_mult': 3.0, 'mfi_high': 90, 'mfi_low': 10, 'mfi_period': 9, 'sl_pct': 3.0, 'tp_pct': 2.0}
2025-12-13 01:34:07 - INFO - [74/105] TRNFP | candles_15m | EMA_RSI_PULLBACK → best_value=0.5653, best_params={'ema_period': 75, 'rsi_overbought': 60, 'rsi_oversold': 25, 'rsi_period': 19, 'sl_pct': 3.0, 'tp_pct': 4.0}
2025-12-13 01:34:16 - INFO - [75/105] TRNFP | candles_1m | EMA_RSI_PULLBACK → best_value=-1.0000, best_params={'ema_period': 30, 'rsi_overbought': 70, 'rsi_oversold': 40, 'rsi_period': 10, 'sl_pct': 2.5, 'tp_pct': 5.0}
2025-12-13 01:34:17 - INFO - [76/105] TRNFP | candles_15m | BREAKOUT_DONCHIAN → best_value=-1.0000, best_params={'channel_period': 25, 'sl_pct': 5.0, 'tp_pct': 7.0, 'trailing_atr_mult': 4.5, 'trailing_atr_period': 14}
2025-12-13 01:34:18 - INFO - [77/105] TRNFP | candles_15m | SMA_TREND1 → best_value=0.4857, best_params={'fast_period': 24, 'risk_per_trade': 0.1, 'sl_pct': 0.5, 'slow_period': 150, 'tp_pct': 1.0}
2025-12-13 01:34:39 - INFO - [78/105] TRNFP | candles_30m | EMA_RSI_PULLBACK → best_value=0.0871, best_params={'ema_period': 50, 'rsi_overbought': 60, 'rsi_oversold': 20, 'rsi_period': 11, 'sl_pct': 3.0, 'tp_pct': 5.0}
2025-12-13 01:34:45 - INFO - [79/105] TRNFP | candles_15m | BOLL_MFI_REVERSAL → best_value=-0.0732, best_params={'boll_period': 26, 'boll_std_mult': 2.25, 'mfi_high': 80, 'mfi_low': 30, 'mfi_period': 15, 'sl_pct': 3.0, 'tp_pct': 2.0}
2025-12-13 01:34:53 - INFO - [80/105] TRNFP | candles_30m | SMA_TREND1 → best_value=1.0961, best_params={'fast_period': 27, 'risk_per_trade': 0.2, 'sl_pct': 5.0, 'slow_period': 165, 'tp_pct': 2.0}
2025-12-13 01:34:59 - INFO - [81/105] TRNFP | candles_30m | BREAKOUT_DONCHIAN → best_value=-1.0000, best_params={'channel_period': 80, 'sl_pct': 2.5, 'tp_pct': 7.0, 'trailing_atr_mult': 3.5, 'trailing_atr_period': 8}
2025-12-13 01:35:00 - INFO - [82/105] ROSN | candles_1m | SMA_TREND1 → best_value=-1.0000, best_params={'fast_period': 37, 'risk_per_trade': 1.8000000000000003, 'sl_pct': 4.0, 'slow_period': 65, 'tp_pct': 1.0}
2025-12-13 01:35:08 - INFO - [83/105] TRNFP | candles_15m | ATR_TRAIL_TREND → best_value=-0.0922, best_params={'atr_mult': 4.0, 'atr_period': 21, 'risk_per_trade': 1.75, 'trend_ma_period': 150}
2025-12-13 01:35:10 - INFO - [84/105] TRNFP | candles_30m | BOLL_MFI_REVERSAL → best_value=0.0369, best_params={'boll_period': 14, 'boll_std_mult': 2.5, 'mfi_high': 70, 'mfi_low': 15, 'mfi_period': 20, 'sl_pct': 2.5, 'tp_pct': 4.0}
2025-12-13 01:35:17 - INFO - [85/105] TRNFP | candles_5m | ATR_TRAIL_TREND → best_value=-1.0000, best_params={'atr_mult': 3.0, 'atr_period': 19, 'risk_per_trade': 0.75, 'trend_ma_period': 65}
2025-12-13 01:35:17 - INFO - [86/105] TRNFP | candles_1h | EMA_RSI_PULLBACK → best_value=0.6481, best_params={'ema_period': 30, 'rsi_overbought': 80, 'rsi_oversold': 20, 'rsi_period': 20, 'sl_pct': 3.5, 'tp_pct': 3.0}
2025-12-13 01:35:18 - INFO - [87/105] TRNFP | candles_30m | ATR_TRAIL_TREND → best_value=0.5130, best_params={'atr_mult': 5.0, 'atr_period': 11, 'risk_per_trade': 1.0, 'trend_ma_period': 30}
2025-12-13 01:35:22 - INFO - [88/105] TRNFP | candles_1h | SMA_TREND1 → best_value=1.2245, best_params={'fast_period': 49, 'risk_per_trade': 0.4, 'sl_pct': 5.0, 'slow_period': 85, 'tp_pct': 1.0}
2025-12-13 01:35:24 - INFO - [89/105] TRNFP | candles_1h | BREAKOUT_DONCHIAN → best_value=-1.0000, best_params={'channel_period': 120, 'sl_pct': 5.0, 'tp_pct': 5.0, 'trailing_atr_mult': 2.0, 'trailing_atr_period': 12}
2025-12-13 01:35:29 - INFO - [90/105] TRNFP | candles_1h | BOLL_MFI_REVERSAL → best_value=1.2167, best_params={'boll_period': 34, 'boll_std_mult': 3.0, 'mfi_high': 80, 'mfi_low': 20, 'mfi_period': 19, 'sl_pct': 3.0, 'tp_pct': 6.0}
2025-12-13 01:35:32 - INFO - [91/105] TRNFP | candles_4h | EMA_RSI_PULLBACK → best_value=1.3113, best_params={'ema_period': 95, 'rsi_overbought': 60, 'rsi_oversold': 25, 'rsi_period': 18, 'sl_pct': 1.0, 'tp_pct': 4.0}
2025-12-13 01:35:32 - INFO - [92/105] TRNFP | candles_4h | SMA_TREND1 → best_value=0.1756, best_params={'fast_period': 5, 'risk_per_trade': 0.9, 'sl_pct': 1.5, 'slow_period': 110, 'tp_pct': 2.0}
2025-12-13 01:35:35 - INFO - [93/105] TRNFP | candles_1h | ATR_TRAIL_TREND → best_value=0.9070, best_params={'atr_mult': 4.0, 'atr_period': 19, 'risk_per_trade': 1.25, 'trend_ma_period': 50}
2025-12-13 01:35:35 - INFO - [94/105] TRNFP | candles_4h | BREAKOUT_DONCHIAN → best_value=-1.0000, best_params={'channel_period': 30, 'sl_pct': 3.5, 'tp_pct': 5.0, 'trailing_atr_mult': 2.5, 'trailing_atr_period': 16}
2025-12-13 01:35:37 - INFO - [95/105] TRNFP | candles_4h | BOLL_MFI_REVERSAL → best_value=1.2491, best_params={'boll_period': 14, 'boll_std_mult': 2.5, 'mfi_high': 70, 'mfi_low': 20, 'mfi_period': 17, 'sl_pct': 3.0, 'tp_pct': 5.0}
2025-12-13 01:35:42 - INFO - [96/105] TRNFP | candles_4h | ATR_TRAIL_TREND → best_value=1.2737, best_params={'atr_mult': 3.5, 'atr_period': 8, 'risk_per_trade': 1.25, 'trend_ma_period': 30}
2025-12-13 01:35:43 - INFO - [97/105] TRNFP | candles_1m | BOLL_MFI_REVERSAL → best_value=-1.0000, best_params={'boll_period': 16, 'boll_std_mult': 2.5, 'mfi_high': 75, 'mfi_low': 15, 'mfi_period': 9, 'sl_pct': 1.5, 'tp_pct': 3.0}
2025-12-13 01:35:44 - INFO - [98/105] TRNFP | candles_1d | SMA_TREND1 → best_value=-1.0000, best_params={'fast_period': 42, 'risk_per_trade': 2.0, 'sl_pct': 4.5, 'slow_period': 25, 'tp_pct': 2.0}
2025-12-13 01:35:45 - INFO - [99/105] TRNFP | candles_1d | EMA_RSI_PULLBACK → best_value=3.3591, best_params={'ema_period': 30, 'rsi_overbought': 65, 'rsi_oversold': 30, 'rsi_period': 18, 'sl_pct': 3.0, 'tp_pct': 5.0}
2025-12-13 01:35:46 - INFO - [100/105] TRNFP | candles_1d | BREAKOUT_DONCHIAN → best_value=-1.0000, best_params={'channel_period': 30, 'sl_pct': 5.0, 'tp_pct': 4.0, 'trailing_atr_mult': 4.0, 'trailing_atr_period': 20}
2025-12-13 01:35:46 - INFO - [101/105] TRNFP | candles_1d | BOLL_MFI_REVERSAL → best_value=2.3227, best_params={'boll_period': 32, 'boll_std_mult': 2.25, 'mfi_high': 90, 'mfi_low': 30, 'mfi_period': 13, 'sl_pct': 1.5, 'tp_pct': 5.0}
2025-12-13 01:35:49 - INFO - [102/105] TRNFP | candles_1d | ATR_TRAIL_TREND → best_value=-1.0000, best_params={'atr_mult': 2.5, 'atr_period': 11, 'risk_per_trade': 1.25, 'trend_ma_period': 95}
2025-12-13 01:36:32 - INFO - [103/105] ROSN | candles_1m | ATR_TRAIL_TREND → best_value=0.4045, best_params={'atr_mult': 4.5, 'atr_period': 17, 'risk_per_trade': 1.75, 'trend_ma_period': 105}
2025-12-13 01:38:25 - INFO - [104/105] TRNFP | candles_1m | SMA_TREND1 → best_value=-1.0000, best_params={'fast_period': 41, 'risk_per_trade': 1.3000000000000003, 'sl_pct': 3.5, 'slow_period': 75, 'tp_pct': 7.0}
2025-12-13 01:39:03 - INFO - [105/105] TRNFP | candles_1m | ATR_TRAIL_TREND → best_value=-1.0000, best_params={'atr_mult': 5.0, 'atr_period': 13, 'risk_per_trade': 0.75, 'trend_ma_period': 65}
2025-12-13 01:39:04 - INFO - Batch optimization finished.
