2025-12-09 04:09:36,951 - INFO - ================================================================================
2025-12-09 04:09:36,951 - INFO - Starting MySQL to PostgreSQL migration
2025-12-09 04:09:36,952 - INFO - ================================================================================
2025-12-09 04:09:36,952 - INFO - 
Step 1: Creating PostgreSQL database...
2025-12-09 04:09:36,983 - INFO - Creating database stock_db...
2025-12-09 04:09:37,106 - INFO - ✓ Database stock_db created
2025-12-09 04:09:37,107 - INFO - 
Step 2: Getting list of tables...
2025-12-09 04:09:37,183 - INFO - Found 13 tables: backtest_runs, candles_15m, candles_1d, candles_1h, candles_1m, candles_30m, candles_4h, candles_5m, lot_history, optimization_sessions, strategy_catalog, strategy_params, symbols
2025-12-09 04:09:37,183 - INFO - 
Step 3: Creating table structures...
2025-12-09 04:09:37,225 - INFO - Creating table backtest_runs...
2025-12-09 04:09:37,230 - ERROR - ✗ Error creating table backtest_runs: ОШИБКА:  неверный синтаксис для типа timestamp: "current_timestamp()"
LINE 3: ...EXT NULL, "created_at" TIMESTAMP NOT NULL DEFAULT 'current_t...
                                                             ^

2025-12-09 04:09:37,231 - ERROR - 
================================================================================
2025-12-09 04:09:37,231 - ERROR - ✗ Migration failed: ОШИБКА:  неверный синтаксис для типа timestamp: "current_timestamp()"
LINE 3: ...EXT NULL, "created_at" TIMESTAMP NOT NULL DEFAULT 'current_t...
                                                             ^

2025-12-09 04:09:37,232 - ERROR - ================================================================================
2025-12-09 04:13:31,965 - INFO - ================================================================================
2025-12-09 04:13:31,965 - INFO - Starting MySQL to PostgreSQL migration
2025-12-09 04:13:31,966 - INFO - ================================================================================
2025-12-09 04:13:31,966 - INFO - 
Step 1: Creating PostgreSQL database...
2025-12-09 04:13:31,996 - INFO - Database stock_db already exists
2025-12-09 04:13:31,997 - INFO - 
Step 2: Getting list of tables...
2025-12-09 04:13:32,054 - INFO - Found 13 tables: backtest_runs, candles_15m, candles_1d, candles_1h, candles_1m, candles_30m, candles_4h, candles_5m, lot_history, optimization_sessions, strategy_catalog, strategy_params, symbols
2025-12-09 04:13:32,055 - INFO - 
Step 3: Creating table structures...
2025-12-09 04:13:32,096 - INFO - Creating table backtest_runs...
2025-12-09 04:13:32,101 - INFO - ✓ Table backtest_runs created successfully
2025-12-09 04:13:32,229 - INFO - Creating table candles_15m...
2025-12-09 04:13:32,231 - INFO - ✓ Table candles_15m created successfully
2025-12-09 04:13:32,259 - INFO - Creating table candles_1d...
2025-12-09 04:13:32,261 - INFO - ✓ Table candles_1d created successfully
2025-12-09 04:13:32,393 - INFO - Creating table candles_1h...
2025-12-09 04:13:32,395 - INFO - ✓ Table candles_1h created successfully
2025-12-09 04:13:32,524 - INFO - Creating table candles_1m...
2025-12-09 04:13:32,526 - INFO - ✓ Table candles_1m created successfully
2025-12-09 04:13:32,554 - INFO - Creating table candles_30m...
2025-12-09 04:13:32,556 - INFO - ✓ Table candles_30m created successfully
2025-12-09 04:13:32,586 - INFO - Creating table candles_4h...
2025-12-09 04:13:32,588 - INFO - ✓ Table candles_4h created successfully
2025-12-09 04:13:32,719 - INFO - Creating table candles_5m...
2025-12-09 04:13:32,721 - INFO - ✓ Table candles_5m created successfully
2025-12-09 04:13:32,749 - INFO - Creating table lot_history...
2025-12-09 04:13:32,754 - INFO - ✓ Table lot_history created successfully
2025-12-09 04:13:32,784 - INFO - Creating table optimization_sessions...
2025-12-09 04:13:32,790 - INFO - ✓ Table optimization_sessions created successfully
2025-12-09 04:13:32,817 - INFO - Creating table strategy_catalog...
2025-12-09 04:13:32,823 - INFO - ✓ Table strategy_catalog created successfully
2025-12-09 04:13:32,858 - INFO - Creating table strategy_params...
2025-12-09 04:13:32,864 - INFO - ✓ Table strategy_params created successfully
2025-12-09 04:13:32,891 - INFO - Creating table symbols...
2025-12-09 04:13:32,895 - INFO - ✓ Table symbols created successfully
2025-12-09 04:13:32,896 - INFO - 
Step 4: Migrating data...
2025-12-09 04:13:32,923 - INFO - Table backtest_runs is empty, skipping data migration
2025-12-09 04:13:33,083 - INFO - Migrating 101467 rows from candles_15m...
2025-12-09 04:13:33,445 - INFO -   Progress: 10000/101467 (9.9%)
2025-12-09 04:13:33,822 - INFO -   Progress: 20000/101467 (19.7%)
2025-12-09 04:13:34,198 - INFO -   Progress: 30000/101467 (29.6%)
2025-12-09 04:13:34,583 - INFO -   Progress: 40000/101467 (39.4%)
2025-12-09 04:13:34,968 - INFO -   Progress: 50000/101467 (49.3%)
2025-12-09 04:13:35,381 - INFO -   Progress: 60000/101467 (59.1%)
2025-12-09 04:13:35,789 - INFO -   Progress: 70000/101467 (69.0%)
2025-12-09 04:13:36,196 - INFO -   Progress: 80000/101467 (78.8%)
2025-12-09 04:13:36,632 - INFO -   Progress: 90000/101467 (88.7%)
2025-12-09 04:13:37,087 - INFO -   Progress: 100000/101467 (98.6%)
2025-12-09 04:13:37,170 - INFO -   Progress: 101467/101467 (100.0%)
2025-12-09 04:13:37,170 - INFO - ✓ Table candles_15m: 101467 rows migrated successfully
2025-12-09 04:13:37,301 - INFO - Migrating 1709 rows from candles_1d...
2025-12-09 04:13:37,365 - INFO - ✓ Table candles_1d: 1709 rows migrated successfully
2025-12-09 04:13:37,504 - INFO - Migrating 26650 rows from candles_1h...
2025-12-09 04:13:37,867 - INFO -   Progress: 10000/26650 (37.5%)
2025-12-09 04:13:38,232 - INFO -   Progress: 20000/26650 (75.0%)
2025-12-09 04:13:38,488 - INFO -   Progress: 26650/26650 (100.0%)
2025-12-09 04:13:38,488 - INFO - ✓ Table candles_1h: 26650 rows migrated successfully
2025-12-09 04:13:39,048 - INFO - Migrating 1432174 rows from candles_1m...
2025-12-09 04:13:39,420 - INFO -   Progress: 10000/1432174 (0.7%)
2025-12-09 04:13:39,797 - INFO -   Progress: 20000/1432174 (1.4%)
2025-12-09 04:13:40,170 - INFO -   Progress: 30000/1432174 (2.1%)
2025-12-09 04:13:40,553 - INFO -   Progress: 40000/1432174 (2.8%)
2025-12-09 04:13:40,940 - INFO -   Progress: 50000/1432174 (3.5%)
2025-12-09 04:13:41,329 - INFO -   Progress: 60000/1432174 (4.2%)
2025-12-09 04:13:41,735 - INFO -   Progress: 70000/1432174 (4.9%)
2025-12-09 04:13:42,219 - INFO -   Progress: 80000/1432174 (5.6%)
2025-12-09 04:13:42,634 - INFO -   Progress: 90000/1432174 (6.3%)
2025-12-09 04:13:43,054 - INFO -   Progress: 100000/1432174 (7.0%)
2025-12-09 04:13:43,479 - INFO -   Progress: 110000/1432174 (7.7%)
2025-12-09 04:13:43,910 - INFO -   Progress: 120000/1432174 (8.4%)
2025-12-09 04:13:44,341 - INFO -   Progress: 130000/1432174 (9.1%)
2025-12-09 04:13:44,788 - INFO -   Progress: 140000/1432174 (9.8%)
2025-12-09 04:13:45,231 - INFO -   Progress: 150000/1432174 (10.5%)
2025-12-09 04:13:45,687 - INFO -   Progress: 160000/1432174 (11.2%)
2025-12-09 04:13:46,143 - INFO -   Progress: 170000/1432174 (11.9%)
2025-12-09 04:13:46,604 - INFO -   Progress: 180000/1432174 (12.6%)
2025-12-09 04:13:47,073 - INFO -   Progress: 190000/1432174 (13.3%)
2025-12-09 04:13:47,545 - INFO -   Progress: 200000/1432174 (14.0%)
2025-12-09 04:13:48,049 - INFO -   Progress: 210000/1432174 (14.7%)
2025-12-09 04:13:48,559 - INFO -   Progress: 220000/1432174 (15.4%)
2025-12-09 04:13:49,100 - INFO -   Progress: 230000/1432174 (16.1%)
2025-12-09 04:13:49,625 - INFO -   Progress: 240000/1432174 (16.8%)
2025-12-09 04:13:50,154 - INFO -   Progress: 250000/1432174 (17.5%)
2025-12-09 04:13:50,695 - INFO -   Progress: 260000/1432174 (18.2%)
2025-12-09 04:13:51,241 - INFO -   Progress: 270000/1432174 (18.9%)
2025-12-09 04:13:51,800 - INFO -   Progress: 280000/1432174 (19.6%)
2025-12-09 04:13:52,370 - INFO -   Progress: 290000/1432174 (20.2%)
2025-12-09 04:13:52,944 - INFO -   Progress: 300000/1432174 (20.9%)
2025-12-09 04:13:53,528 - INFO -   Progress: 310000/1432174 (21.6%)
2025-12-09 04:13:54,115 - INFO -   Progress: 320000/1432174 (22.3%)
2025-12-09 04:13:54,715 - INFO -   Progress: 330000/1432174 (23.0%)
2025-12-09 04:13:55,316 - INFO -   Progress: 340000/1432174 (23.7%)
2025-12-09 04:13:55,935 - INFO -   Progress: 350000/1432174 (24.4%)
2025-12-09 04:13:56,556 - INFO -   Progress: 360000/1432174 (25.1%)
2025-12-09 04:13:57,198 - INFO -   Progress: 370000/1432174 (25.8%)
2025-12-09 04:13:57,831 - INFO -   Progress: 380000/1432174 (26.5%)
2025-12-09 04:13:58,470 - INFO -   Progress: 390000/1432174 (27.2%)
2025-12-09 04:13:59,149 - INFO -   Progress: 400000/1432174 (27.9%)
2025-12-09 04:13:59,812 - INFO -   Progress: 410000/1432174 (28.6%)
2025-12-09 04:14:00,470 - INFO -   Progress: 420000/1432174 (29.3%)
2025-12-09 04:14:01,139 - INFO -   Progress: 430000/1432174 (30.0%)
2025-12-09 04:14:01,827 - INFO -   Progress: 440000/1432174 (30.7%)
2025-12-09 04:14:02,515 - INFO -   Progress: 450000/1432174 (31.4%)
2025-12-09 04:14:03,202 - INFO -   Progress: 460000/1432174 (32.1%)
2025-12-09 04:14:03,908 - INFO -   Progress: 470000/1432174 (32.8%)
2025-12-09 04:14:04,621 - INFO -   Progress: 480000/1432174 (33.5%)
2025-12-09 04:14:05,352 - INFO -   Progress: 490000/1432174 (34.2%)
2025-12-09 04:14:06,098 - INFO -   Progress: 500000/1432174 (34.9%)
2025-12-09 04:14:06,850 - INFO -   Progress: 510000/1432174 (35.6%)
2025-12-09 04:14:07,642 - INFO -   Progress: 520000/1432174 (36.3%)
2025-12-09 04:14:08,394 - INFO -   Progress: 530000/1432174 (37.0%)
2025-12-09 04:14:09,170 - INFO -   Progress: 540000/1432174 (37.7%)
2025-12-09 04:14:09,965 - INFO -   Progress: 550000/1432174 (38.4%)
2025-12-09 04:14:10,751 - INFO -   Progress: 560000/1432174 (39.1%)
2025-12-09 04:14:11,537 - INFO -   Progress: 570000/1432174 (39.8%)
2025-12-09 04:14:12,334 - INFO -   Progress: 580000/1432174 (40.5%)
2025-12-09 04:14:13,140 - INFO -   Progress: 590000/1432174 (41.2%)
2025-12-09 04:14:13,955 - INFO -   Progress: 600000/1432174 (41.9%)
2025-12-09 04:14:14,779 - INFO -   Progress: 610000/1432174 (42.6%)
2025-12-09 04:14:15,625 - INFO -   Progress: 620000/1432174 (43.3%)
2025-12-09 04:14:16,468 - INFO -   Progress: 630000/1432174 (44.0%)
2025-12-09 04:14:17,309 - INFO -   Progress: 640000/1432174 (44.7%)
2025-12-09 04:14:18,154 - INFO -   Progress: 650000/1432174 (45.4%)
2025-12-09 04:14:19,009 - INFO -   Progress: 660000/1432174 (46.1%)
2025-12-09 04:14:19,904 - INFO -   Progress: 670000/1432174 (46.8%)
2025-12-09 04:14:20,788 - INFO -   Progress: 680000/1432174 (47.5%)
2025-12-09 04:14:21,710 - INFO -   Progress: 690000/1432174 (48.2%)
2025-12-09 04:14:22,597 - INFO -   Progress: 700000/1432174 (48.9%)
2025-12-09 04:14:23,487 - INFO -   Progress: 710000/1432174 (49.6%)
2025-12-09 04:14:24,385 - INFO -   Progress: 720000/1432174 (50.3%)
2025-12-09 04:14:25,345 - INFO -   Progress: 730000/1432174 (51.0%)
2025-12-09 04:14:26,250 - INFO -   Progress: 740000/1432174 (51.7%)
2025-12-09 04:14:27,158 - INFO -   Progress: 750000/1432174 (52.4%)
2025-12-09 04:14:28,093 - INFO -   Progress: 760000/1432174 (53.1%)
2025-12-09 04:14:29,036 - INFO -   Progress: 770000/1432174 (53.8%)
2025-12-09 04:14:29,997 - INFO -   Progress: 780000/1432174 (54.5%)
2025-12-09 04:14:30,957 - INFO -   Progress: 790000/1432174 (55.2%)
2025-12-09 04:14:31,916 - INFO -   Progress: 800000/1432174 (55.9%)
2025-12-09 04:14:32,905 - INFO -   Progress: 810000/1432174 (56.6%)
2025-12-09 04:14:33,896 - INFO -   Progress: 820000/1432174 (57.3%)
2025-12-09 04:14:34,871 - INFO -   Progress: 830000/1432174 (58.0%)
2025-12-09 04:14:35,867 - INFO -   Progress: 840000/1432174 (58.7%)
2025-12-09 04:14:36,898 - INFO -   Progress: 850000/1432174 (59.4%)
2025-12-09 04:14:37,907 - INFO -   Progress: 860000/1432174 (60.0%)
2025-12-09 04:14:38,922 - INFO -   Progress: 870000/1432174 (60.7%)
2025-12-09 04:14:39,940 - INFO -   Progress: 880000/1432174 (61.4%)
2025-12-09 04:14:40,973 - INFO -   Progress: 890000/1432174 (62.1%)
2025-12-09 04:14:41,997 - INFO -   Progress: 900000/1432174 (62.8%)
2025-12-09 04:14:43,035 - INFO -   Progress: 910000/1432174 (63.5%)
2025-12-09 04:14:44,109 - INFO -   Progress: 920000/1432174 (64.2%)
2025-12-09 04:14:45,170 - INFO -   Progress: 930000/1432174 (64.9%)
2025-12-09 04:14:46,219 - INFO -   Progress: 940000/1432174 (65.6%)
2025-12-09 04:14:47,299 - INFO -   Progress: 950000/1432174 (66.3%)
2025-12-09 04:14:48,407 - INFO -   Progress: 960000/1432174 (67.0%)
2025-12-09 04:14:49,516 - INFO -   Progress: 970000/1432174 (67.7%)
2025-12-09 04:14:50,615 - INFO -   Progress: 980000/1432174 (68.4%)
2025-12-09 04:14:51,707 - INFO -   Progress: 990000/1432174 (69.1%)
2025-12-09 04:14:52,822 - INFO -   Progress: 1000000/1432174 (69.8%)
2025-12-09 04:14:53,920 - INFO -   Progress: 1010000/1432174 (70.5%)
2025-12-09 04:14:55,063 - INFO -   Progress: 1020000/1432174 (71.2%)
2025-12-09 04:14:56,194 - INFO -   Progress: 1030000/1432174 (71.9%)
2025-12-09 04:14:57,362 - INFO -   Progress: 1040000/1432174 (72.6%)
2025-12-09 04:14:58,576 - INFO -   Progress: 1050000/1432174 (73.3%)
2025-12-09 04:14:59,752 - INFO -   Progress: 1060000/1432174 (74.0%)
2025-12-09 04:15:00,946 - INFO -   Progress: 1070000/1432174 (74.7%)
2025-12-09 04:15:02,129 - INFO -   Progress: 1080000/1432174 (75.4%)
2025-12-09 04:15:03,347 - INFO -   Progress: 1090000/1432174 (76.1%)
2025-12-09 04:15:04,549 - INFO -   Progress: 1100000/1432174 (76.8%)
2025-12-09 04:15:05,785 - INFO -   Progress: 1110000/1432174 (77.5%)
2025-12-09 04:15:06,985 - INFO -   Progress: 1120000/1432174 (78.2%)
2025-12-09 04:15:08,208 - INFO -   Progress: 1130000/1432174 (78.9%)
2025-12-09 04:15:09,448 - INFO -   Progress: 1140000/1432174 (79.6%)
2025-12-09 04:15:10,682 - INFO -   Progress: 1150000/1432174 (80.3%)
2025-12-09 04:15:11,917 - INFO -   Progress: 1160000/1432174 (81.0%)
2025-12-09 04:15:13,182 - INFO -   Progress: 1170000/1432174 (81.7%)
2025-12-09 04:15:14,434 - INFO -   Progress: 1180000/1432174 (82.4%)
2025-12-09 04:15:15,691 - INFO -   Progress: 1190000/1432174 (83.1%)
2025-12-09 04:15:16,967 - INFO -   Progress: 1200000/1432174 (83.8%)
2025-12-09 04:15:18,264 - INFO -   Progress: 1210000/1432174 (84.5%)
2025-12-09 04:15:19,548 - INFO -   Progress: 1220000/1432174 (85.2%)
2025-12-09 04:15:20,823 - INFO -   Progress: 1230000/1432174 (85.9%)
2025-12-09 04:15:22,101 - INFO -   Progress: 1240000/1432174 (86.6%)
2025-12-09 04:15:23,401 - INFO -   Progress: 1250000/1432174 (87.3%)
2025-12-09 04:15:24,745 - INFO -   Progress: 1260000/1432174 (88.0%)
2025-12-09 04:15:26,050 - INFO -   Progress: 1270000/1432174 (88.7%)
2025-12-09 04:15:27,414 - INFO -   Progress: 1280000/1432174 (89.4%)
2025-12-09 04:15:28,761 - INFO -   Progress: 1290000/1432174 (90.1%)
2025-12-09 04:15:30,099 - INFO -   Progress: 1300000/1432174 (90.8%)
2025-12-09 04:15:31,453 - INFO -   Progress: 1310000/1432174 (91.5%)
2025-12-09 04:15:32,837 - INFO -   Progress: 1320000/1432174 (92.2%)
2025-12-09 04:15:34,191 - INFO -   Progress: 1330000/1432174 (92.9%)
2025-12-09 04:15:35,562 - INFO -   Progress: 1340000/1432174 (93.6%)
2025-12-09 04:15:36,929 - INFO -   Progress: 1350000/1432174 (94.3%)
2025-12-09 04:15:38,405 - INFO -   Progress: 1360000/1432174 (95.0%)
2025-12-09 04:15:39,823 - INFO -   Progress: 1370000/1432174 (95.7%)
2025-12-09 04:15:41,266 - INFO -   Progress: 1380000/1432174 (96.4%)
2025-12-09 04:15:42,722 - INFO -   Progress: 1390000/1432174 (97.1%)
2025-12-09 04:15:44,144 - INFO -   Progress: 1400000/1432174 (97.8%)
2025-12-09 04:15:45,599 - INFO -   Progress: 1410000/1432174 (98.5%)
2025-12-09 04:15:47,108 - INFO -   Progress: 1420000/1432174 (99.1%)
2025-12-09 04:15:48,592 - INFO -   Progress: 1430000/1432174 (99.8%)
2025-12-09 04:15:49,225 - INFO -   Progress: 1432174/1432174 (100.0%)
2025-12-09 04:15:49,225 - INFO - ✓ Table candles_1m: 1432174 rows migrated successfully
2025-12-09 04:15:49,369 - INFO - Migrating 51587 rows from candles_30m...
2025-12-09 04:15:49,773 - INFO -   Progress: 10000/51587 (19.4%)
2025-12-09 04:15:50,152 - INFO -   Progress: 20000/51587 (38.8%)
2025-12-09 04:15:50,555 - INFO -   Progress: 30000/51587 (58.2%)
2025-12-09 04:15:50,967 - INFO -   Progress: 40000/51587 (77.5%)
2025-12-09 04:15:51,361 - INFO -   Progress: 50000/51587 (96.9%)
2025-12-09 04:15:51,436 - INFO -   Progress: 51587/51587 (100.0%)
2025-12-09 04:15:51,436 - INFO - ✓ Table candles_30m: 51587 rows migrated successfully
2025-12-09 04:15:51,469 - INFO - Migrating 7295 rows from candles_4h...
2025-12-09 04:15:51,768 - INFO - ✓ Table candles_4h: 7295 rows migrated successfully
2025-12-09 04:15:51,987 - INFO - Migrating 293119 rows from candles_5m...
2025-12-09 04:15:52,367 - INFO -   Progress: 10000/293119 (3.4%)
2025-12-09 04:15:52,778 - INFO -   Progress: 20000/293119 (6.8%)
2025-12-09 04:15:53,174 - INFO -   Progress: 30000/293119 (10.2%)
2025-12-09 04:15:53,559 - INFO -   Progress: 40000/293119 (13.6%)
2025-12-09 04:15:53,987 - INFO -   Progress: 50000/293119 (17.1%)
2025-12-09 04:15:54,390 - INFO -   Progress: 60000/293119 (20.5%)
2025-12-09 04:15:54,836 - INFO -   Progress: 70000/293119 (23.9%)
2025-12-09 04:15:55,268 - INFO -   Progress: 80000/293119 (27.3%)
2025-12-09 04:15:55,720 - INFO -   Progress: 90000/293119 (30.7%)
2025-12-09 04:15:56,156 - INFO -   Progress: 100000/293119 (34.1%)
2025-12-09 04:15:56,587 - INFO -   Progress: 110000/293119 (37.5%)
2025-12-09 04:15:57,053 - INFO -   Progress: 120000/293119 (40.9%)
2025-12-09 04:15:57,510 - INFO -   Progress: 130000/293119 (44.4%)
2025-12-09 04:15:57,967 - INFO -   Progress: 140000/293119 (47.8%)
2025-12-09 04:15:58,444 - INFO -   Progress: 150000/293119 (51.2%)
2025-12-09 04:15:58,947 - INFO -   Progress: 160000/293119 (54.6%)
2025-12-09 04:15:59,457 - INFO -   Progress: 170000/293119 (58.0%)
2025-12-09 04:15:59,938 - INFO -   Progress: 180000/293119 (61.4%)
2025-12-09 04:16:00,433 - INFO -   Progress: 190000/293119 (64.8%)
2025-12-09 04:16:00,935 - INFO -   Progress: 200000/293119 (68.2%)
2025-12-09 04:16:01,486 - INFO -   Progress: 210000/293119 (71.6%)
2025-12-09 04:16:02,018 - INFO -   Progress: 220000/293119 (75.1%)
2025-12-09 04:16:02,591 - INFO -   Progress: 230000/293119 (78.5%)
2025-12-09 04:16:03,127 - INFO -   Progress: 240000/293119 (81.9%)
2025-12-09 04:16:03,692 - INFO -   Progress: 250000/293119 (85.3%)
2025-12-09 04:16:04,233 - INFO -   Progress: 260000/293119 (88.7%)
2025-12-09 04:16:04,821 - INFO -   Progress: 270000/293119 (92.1%)
2025-12-09 04:16:05,386 - INFO -   Progress: 280000/293119 (95.5%)
2025-12-09 04:16:05,978 - INFO -   Progress: 290000/293119 (98.9%)
2025-12-09 04:16:06,198 - INFO -   Progress: 293119/293119 (100.0%)
2025-12-09 04:16:06,198 - INFO - ✓ Table candles_5m: 293119 rows migrated successfully
2025-12-09 04:16:06,226 - INFO - Migrating 3 rows from lot_history...
2025-12-09 04:16:06,229 - INFO - ✓ Table lot_history: 3 rows migrated successfully
2025-12-09 04:16:06,359 - INFO - Table optimization_sessions is empty, skipping data migration
2025-12-09 04:16:06,487 - INFO - Migrating 5 rows from strategy_catalog...
2025-12-09 04:16:06,489 - INFO - ✓ Table strategy_catalog: 5 rows migrated successfully
2025-12-09 04:16:06,517 - INFO - Migrating 29 rows from strategy_params...
2025-12-09 04:16:06,521 - INFO - ✓ Table strategy_params: 29 rows migrated successfully
2025-12-09 04:16:06,558 - INFO - Migrating 3 rows from symbols...
2025-12-09 04:16:06,560 - INFO - ✓ Table symbols: 3 rows migrated successfully
2025-12-09 04:16:06,561 - INFO - 
================================================================================
2025-12-09 04:16:06,561 - INFO - ✓ Migration completed successfully!
2025-12-09 04:16:06,561 - INFO - ================================================================================
